<?xml version="1.0" encoding="UTF-8"?>
<!-- Generated by org.testng.reporters.JUnitReportReporter -->
<testsuite hostname="Arjun" failures="0" tests="1" name="summa.Summa" time="6.212" errors="0" timestamp="2024-08-04T18:13:09 IST" skipped="0">
  <testcase classname="summa.Summa" name="test1" time="6.212"/>
  <system-out/>
</testsuite> <!-- summa.Summa -->
