<?xml version="1.0" encoding="UTF-8"?>
<!-- Generated by org.testng.reporters.JUnitReportReporter -->
<testsuite hostname="Arjun" failures="0" tests="1" name="practise.testng.GetProductInfoTest" time="13.727" errors="0" timestamp="2024-05-10T11:57:44 IST" skipped="0">
  <testcase classname="practise.testng.GetProductInfoTest" name="getProductInfoTest" time="13.727"/>
  <system-out/>
</testsuite> <!-- practise.testng.GetProductInfoTest -->
