<?xml version="1.0" encoding="UTF-8"?>
<!-- Generated by org.testng.reporters.JUnitReportReporter -->
<testsuite hostname="Arjun" failures="0" tests="3" name="practise.testng.DataProviderCreateContact" time="0.013" errors="0" timestamp="2024-05-10T09:33:32 IST" skipped="0">
  <testcase classname="practise.testng.DataProviderCreateContact" name="createContact" time="0.001"/>
  <system-out/>
  <testcase classname="practise.testng.DataProviderCreateContact" name="createContact" time="0.001"/>
  <system-out/>
  <testcase classname="practise.testng.DataProviderCreateContact" name="createContact" time="0.011"/>
  <system-out/>
</testsuite> <!-- practise.testng.DataProviderCreateContact -->
