<?xml version="1.0" encoding="UTF-8"?>
<!-- Generated by org.testng.reporters.JUnitReportReporter -->
<testsuite hostname="Arjun" failures="0" tests="1" name="mock.Mock4Test" time="17.589" errors="0" timestamp="2024-06-05T19:14:12 IST" skipped="0">
  <testcase classname="mock.Mock4Test" name="amazonTest" time="17.589"/>
  <system-out/>
</testsuite> <!-- mock.Mock4Test -->
