<?xml version="1.0" encoding="UTF-8"?>
<!-- Generated by org.testng.reporters.JUnitReportReporter -->
<testsuite hostname="Arjun" failures="0" tests="49" name="practise.testng.InvocationCountsampleTest" time="0.083" errors="0" timestamp="2024-08-04T20:54:22 IST" skipped="1">
  <testcase classname="practise.testng.InvocationCountsampleTest" name="test1" time="0.001"/>
  <system-out/>
  <testcase classname="practise.testng.InvocationCountsampleTest" name="test1" time="0.001"/>
  <system-out/>
  <testcase classname="practise.testng.InvocationCountsampleTest" name="test1" time="0.002"/>
  <system-out/>
  <testcase classname="practise.testng.InvocationCountsampleTest" name="test1" time="0.001"/>
  <system-out/>
  <testcase classname="practise.testng.InvocationCountsampleTest" name="test1" time="0.002"/>
  <system-out/>
  <testcase classname="practise.testng.InvocationCountsampleTest" name="test1" time="0.001"/>
  <system-out/>
  <testcase classname="practise.testng.InvocationCountsampleTest" name="test1" time="0.002"/>
  <system-out/>
  <testcase classname="practise.testng.InvocationCountsampleTest" name="test1" time="0.001"/>
  <system-out/>
  <testcase classname="practise.testng.InvocationCountsampleTest" name="test1" time="0.001"/>
  <system-out/>
  <testcase classname="practise.testng.InvocationCountsampleTest" name="test1" time="0.001"/>
  <system-out/>
  <testcase classname="practise.testng.InvocationCountsampleTest" name="test1" time="0.001"/>
  <system-out/>
  <testcase classname="practise.testng.InvocationCountsampleTest" name="test1" time="0.001"/>
  <system-out/>
  <testcase classname="practise.testng.InvocationCountsampleTest" name="test1" time="0.001"/>
  <system-out/>
  <testcase classname="practise.testng.InvocationCountsampleTest" name="test1" time="0.001"/>
  <system-out/>
  <testcase classname="practise.testng.InvocationCountsampleTest" name="test1" time="0.001"/>
  <system-out/>
  <testcase classname="practise.testng.InvocationCountsampleTest" name="test1" time="0.001"/>
  <system-out/>
  <testcase classname="practise.testng.InvocationCountsampleTest" name="test1" time="0.002"/>
  <system-out/>
  <testcase classname="practise.testng.InvocationCountsampleTest" name="test1" time="0.015"/>
  <system-out/>
  <testcase classname="practise.testng.InvocationCountsampleTest" name="test1" time="0.000"/>
  <system-out/>
  <testcase classname="practise.testng.InvocationCountsampleTest" name="test1" time="0.001"/>
  <system-out/>
  <testcase classname="practise.testng.InvocationCountsampleTest" name="test1" time="0.000"/>
  <system-out/>
  <testcase classname="practise.testng.InvocationCountsampleTest" name="test1" time="0.001"/>
  <system-out/>
  <testcase classname="practise.testng.InvocationCountsampleTest" name="test1" time="0.001"/>
  <system-out/>
  <testcase classname="practise.testng.InvocationCountsampleTest" name="test1" time="0.002"/>
  <system-out/>
  <testcase classname="practise.testng.InvocationCountsampleTest" name="test1" time="0.001"/>
  <system-out/>
  <testcase classname="practise.testng.InvocationCountsampleTest" name="test1" time="0.002"/>
  <system-out/>
  <testcase classname="practise.testng.InvocationCountsampleTest" name="test1" time="0.001"/>
  <system-out/>
  <testcase classname="practise.testng.InvocationCountsampleTest" name="test1" time="0.001"/>
  <system-out/>
  <testcase classname="practise.testng.InvocationCountsampleTest" name="test1" time="0.002"/>
  <system-out/>
  <testcase classname="practise.testng.InvocationCountsampleTest" name="test1" time="0.001"/>
  <system-out/>
  <testcase classname="practise.testng.InvocationCountsampleTest" name="test1" time="0.001"/>
  <system-out/>
  <testcase classname="practise.testng.InvocationCountsampleTest" name="test1" time="0.010"/>
  <system-out/>
  <testcase classname="practise.testng.InvocationCountsampleTest" name="test1" time="0.001"/>
  <system-out/>
  <testcase classname="practise.testng.InvocationCountsampleTest" name="test1" time="0.002"/>
  <system-out/>
  <testcase classname="practise.testng.InvocationCountsampleTest" name="test1" time="0.000"/>
  <system-out/>
  <testcase classname="practise.testng.InvocationCountsampleTest" name="test1" time="0.002"/>
  <system-out/>
  <testcase classname="practise.testng.InvocationCountsampleTest" name="test1" time="0.002"/>
  <system-out/>
  <testcase classname="practise.testng.InvocationCountsampleTest" name="test1" time="0.002"/>
  <system-out/>
  <testcase classname="practise.testng.InvocationCountsampleTest" name="test1" time="0.001"/>
  <system-out/>
  <testcase classname="practise.testng.InvocationCountsampleTest" name="test1" time="0.001"/>
  <system-out/>
  <testcase classname="practise.testng.InvocationCountsampleTest" name="test1" time="0.001"/>
  <system-out/>
  <testcase classname="practise.testng.InvocationCountsampleTest" name="test1" time="0.002"/>
  <system-out/>
  <testcase classname="practise.testng.InvocationCountsampleTest" name="test1" time="0.001"/>
  <system-out/>
  <testcase classname="practise.testng.InvocationCountsampleTest" name="test1" time="0.001"/>
  <system-out/>
  <testcase classname="practise.testng.InvocationCountsampleTest" name="test1" time="0.001"/>
  <system-out/>
  <testcase classname="practise.testng.InvocationCountsampleTest" name="test1" time="0.002"/>
  <system-out/>
  <testcase classname="practise.testng.InvocationCountsampleTest" name="test1" time="0.002"/>
  <system-out/>
  <testcase classname="practise.testng.InvocationCountsampleTest" name="test1" time="0.002"/>
  <system-out/>
  <testcase classname="practise.testng.InvocationCountsampleTest" name="CreateContact">
    <skipped/>
  </testcase> <!-- CreateContact -->
  <system-out/>
</testsuite> <!-- practise.testng.InvocationCountsampleTest -->
