<?xml version="1.0" encoding="UTF-8"?>
<!-- Generated by org.testng.reporters.JUnitReportReporter -->
<testsuite hostname="Arjun" failures="0" tests="2" name="configuration_annotation.CreateContactTest" time="0.011" errors="0" timestamp="2024-05-10T13:28:09 IST" skipped="0">
  <testcase classname="configuration_annotation.CreateContactTest" name="createContactWithDateTest" time="0.002"/>
  <system-out/>
  <testcase classname="configuration_annotation.CreateContactTest" name="createContactTest" time="0.009"/>
  <system-out/>
</testsuite> <!-- configuration_annotation.CreateContactTest -->
