<?xml version="1.0" encoding="UTF-8"?>
<!-- Generated by org.testng.reporters.JUnitReportReporter -->
<testsuite hostname="Arjun" failures="0" tests="1" name="practiseddt.ReadDataFromTestNgXmlTest" time="0.010" errors="0" timestamp="26 Apr 2024 07:06:55 GMT" skipped="0">
  <testcase classname="practiseddt.ReadDataFromTestNgXmlTest" name="sampleMethod" time="0.010"/>
</testsuite> <!-- practiseddt.ReadDataFromTestNgXmlTest -->
