<?xml version="1.0" encoding="UTF-8"?>
<!-- Generated by org.testng.reporters.JUnitReportReporter -->
<testsuite hostname="Arjun" failures="0" tests="3" name="practise.testng.DataProvider_CreateContact1" time="0.024" errors="0" timestamp="2024-05-10T10:00:01 IST" skipped="0">
  <testcase classname="practise.testng.DataProvider_CreateContact1" name="createContactTest" time="0.003"/>
  <system-out/>
  <testcase classname="practise.testng.DataProvider_CreateContact1" name="createContactTest" time="0.015"/>
  <system-out/>
  <testcase classname="practise.testng.DataProvider_CreateContact1" name="createContactTest" time="0.006"/>
  <system-out/>
</testsuite> <!-- practise.testng.DataProvider_CreateContact1 -->
