<?xml version="1.0" encoding="UTF-8"?>
<!-- Generated by org.testng.reporters.JUnitReportReporter -->
<testsuite hostname="Arjun" failures="0" tests="1" name="practiseddt.ReadRunTimeMavenParameterTest" time="0.012" errors="0" timestamp="28 Apr 2024 14:58:18 GMT" skipped="0">
  <testcase classname="practiseddt.ReadRunTimeMavenParameterTest" name="mavenDemo" time="0.012"/>
</testsuite> <!-- practiseddt.ReadRunTimeMavenParameterTest -->
