<?xml version="1.0" encoding="UTF-8"?>
<!-- Generated by org.testng.reporters.JUnitReportReporter -->
<testsuite hostname="Arjun" failures="0" tests="1" name="practise.ReadDataFromXml" time="7.763" errors="0" timestamp="01 May 2024 16:02:04 GMT" skipped="0">
  <testcase classname="practise.ReadDataFromXml" name="ReadData" time="7.763"/>
</testsuite> <!-- practise.ReadDataFromXml -->
