<?xml version="1.0" encoding="UTF-8"?>
<!-- Generated by org.testng.reporters.JUnitReportReporter -->
<testsuite hostname="Arjun" failures="0" tests="1" name="summa.PageFact" time="19.897" errors="0" timestamp="2024-08-16T13:12:37 IST" skipped="0">
  <testcase classname="summa.PageFact" name="sampleTest" time="19.897"/>
  <system-out/>
</testsuite> <!-- summa.PageFact -->
