<?xml version="1.0" encoding="UTF-8"?>
<!-- Generated by org.testng.reporters.JUnitReportReporter -->
<testsuite hostname="Arjun" failures="0" tests="1" name="summa.Swiggy" time="8.887" errors="0" timestamp="2024-08-06T23:26:09 IST" skipped="0">
  <testcase classname="summa.Swiggy" name="ss" time="8.887"/>
  <system-out/>
</testsuite> <!-- summa.Swiggy -->
