<?xml version="1.0" encoding="UTF-8"?>
<!-- Generated by org.testng.reporters.JUnitReportReporter -->
<testsuite hostname="Arjun" failures="0" tests="1" name="practise.pom.respository1.SampleTestWithPOM" time="9.640" errors="0" timestamp="06 May 2024 08:45:31 GMT" skipped="0">
  <testcase classname="practise.pom.respository1.SampleTestWithPOM" name="sampleTest" time="9.640"/>
</testsuite> <!-- practise.pom.respository1.SampleTestWithPOM -->
