<?xml version="1.0" encoding="UTF-8"?>
<!-- Generated by org.testng.reporters.JUnitReportReporter -->
<testsuite hostname="Arjun" failures="0" tests="1" name="mock.MockTest" time="9.061" errors="0" timestamp="2024-06-05T17:21:51 IST" skipped="0">
  <testcase classname="mock.MockTest" name="cricTest" time="9.061"/>
  <system-out/>
</testsuite> <!-- mock.MockTest -->
