<?xml version="1.0" encoding="UTF-8"?>
<!-- Generated by org.testng.reporters.JUnitReportReporter -->
<testsuite hostname="Arjun" failures="0" tests="1" name="practise.testng.GetProductInfoTest2" time="0.000" errors="0" timestamp="2024-05-10T12:00:49 IST" skipped="1">
  <testcase classname="practise.testng.GetProductInfoTest2" name="getProductInfoTest" time="0.000">
    <skipped/>
  </testcase> <!-- getProductInfoTest -->
  <system-out/>
</testsuite> <!-- practise.testng.GetProductInfoTest2 -->
