<?xml version="1.0" encoding="UTF-8"?>
<!-- Generated by org.testng.reporters.JUnitReportReporter -->
<testsuite hostname="Arjun" failures="0" tests="3" name="practise.testng.PriorityContactTest" time="0.016" errors="0" timestamp="2024-08-04T19:36:36 IST" skipped="0">
  <testcase classname="practise.testng.PriorityContactTest" name="createContactTest" time="0.013"/>
  <system-out/>
  <testcase classname="practise.testng.PriorityContactTest" name="deleteContactTest" time="0.002"/>
  <system-out/>
  <testcase classname="practise.testng.PriorityContactTest" name="modifyContactTest" time="0.001"/>
  <system-out/>
</testsuite> <!-- practise.testng.PriorityContactTest -->
