<?xml version="1.0" encoding="UTF-8"?>
<!-- Generated by org.testng.reporters.JUnitReportReporter -->
<testsuite hostname="Arjun" failures="0" tests="1" name="mock.MockTest2" time="6.794" errors="0" timestamp="2024-07-27T16:39:36 IST" skipped="0">
  <testcase classname="mock.MockTest2" name="qspiderLoginTest" time="6.794"/>
  <system-out/>
</testsuite> <!-- mock.MockTest2 -->
