<?xml version="1.0" encoding="UTF-8"?>
<!-- Generated by org.testng.reporters.JUnitReportReporter -->
<testsuite hostname="Arjun" failures="0" tests="2" name="practise.testng.SampleTest" time="0.009" errors="0" timestamp="2024-05-16T17:00:30 IST" skipped="1">
  <testcase classname="practise.testng.SampleTest" name="CreateConact" time="0.009"/>
  <system-out/>
  <testcase classname="practise.testng.SampleTest" name="test1">
    <skipped/>
  </testcase> <!-- test1 -->
  <system-out/>
</testsuite> <!-- practise.testng.SampleTest -->
