<?xml version="1.0" encoding="UTF-8"?>
<!-- Generated by org.testng.reporters.JUnitReportReporter -->
<testsuite hostname="Arjun" failures="0" tests="1" name="mock.Mock3Test" time="10.362" errors="0" timestamp="2024-07-08T18:48:26 IST" skipped="0">
  <testcase classname="mock.Mock3Test" name="criccTest" time="10.362"/>
  <system-out/>
</testsuite> <!-- mock.Mock3Test -->
