<?xml version="1.0" encoding="UTF-8"?>
<!-- Generated by org.testng.reporters.JUnitReportReporter -->
<testsuite hostname="Arjun" failures="0" tests="3" name="practise.testng.DependsOnMethodSampleTest2" time="0.024" errors="0" timestamp="2024-05-10T11:57:24 IST" skipped="0">
  <testcase classname="practise.testng.DependsOnMethodSampleTest2" name="createContactTest" time="0.014"/>
  <system-out/>
  <testcase classname="practise.testng.DependsOnMethodSampleTest2" name="deleteContactTest" time="0.003"/>
  <system-out/>
  <testcase classname="practise.testng.DependsOnMethodSampleTest2" name="modifyContactTest" time="0.007"/>
  <system-out/>
</testsuite> <!-- practise.testng.DependsOnMethodSampleTest2 -->
