<?xml version="1.0" encoding="UTF-8"?>
<!-- Generated by org.testng.reporters.JUnitReportReporter -->
<testsuite hostname="Arjun" failures="0" tests="1" name="practise.pom.respository1.AutoHealing" time="6.336" errors="0" timestamp="07 May 2024 09:47:46 GMT" skipped="0">
  <testcase classname="practise.pom.respository1.AutoHealing" name="sampleTest" time="6.336"/>
</testsuite> <!-- practise.pom.respository1.AutoHealing -->
