<?xml version="1.0" encoding="UTF-8"?>
<!-- Generated by org.testng.reporters.JUnitReportReporter -->
<testsuite hostname="Arjun" failures="0" tests="1" name="practice.pom.repository.SampleTestWithPOM" time="11.927" errors="0" timestamp="06 May 2024 06:43:11 GMT" skipped="0">
  <testcase classname="practice.pom.repository.SampleTestWithPOM" name="sampleTest" time="11.927"/>
</testsuite> <!-- practice.pom.repository.SampleTestWithPOM -->
