<?xml version="1.0" encoding="UTF-8"?>
<!-- Generated by org.testng.reporters.JUnitReportReporter -->
<testsuite hostname="Arjun" failures="0" tests="1" name="practise.ConditionCheck" time="0.622" errors="0" timestamp="28 Apr 2024 13:35:33 GMT" skipped="0">
  <testcase classname="practise.ConditionCheck" name="checkCondition" time="0.622"/>
</testsuite> <!-- practise.ConditionCheck -->
