<?xml version="1.0" encoding="UTF-8"?>
<!-- Generated by org.testng.reporters.JUnitReportReporter -->
<testsuite hostname="Arjun" failures="0" tests="3" name="practise.testng.DataProvider_CreateContact" time="0.013" errors="0" timestamp="2024-08-04T21:02:37 IST" skipped="0">
  <testcase classname="practise.testng.DataProvider_CreateContact" name="createContactTest" time="0.001"/>
  <system-out/>
  <testcase classname="practise.testng.DataProvider_CreateContact" name="createContactTest" time="0.002"/>
  <system-out/>
  <testcase classname="practise.testng.DataProvider_CreateContact" name="createContactTest" time="0.010"/>
  <system-out/>
</testsuite> <!-- practise.testng.DataProvider_CreateContact -->
