<?xml version="1.0" encoding="UTF-8"?>
<!-- Generated by org.testng.reporters.JUnitReportReporter -->
<testsuite hostname="Arjun" failures="0" tests="2" name="practice.testing.ContactTest" time="0.017" errors="0" timestamp="2024-05-07T17:56:05 IST" skipped="0">
  <testcase classname="practice.testing.ContactTest" name="createContactTest" time="0.013"/>
  <system-out/>
  <testcase classname="practice.testing.ContactTest" name="createContactWithMobileNumberTest" time="0.004"/>
  <system-out/>
</testsuite> <!-- practice.testing.ContactTest -->
