<?xml version="1.0" encoding="UTF-8"?>
<!-- Generated by org.testng.reporters.JUnitReportReporter -->
<testsuite hostname="Arjun" failures="0" tests="1" name="practise.ReadDataFromCmdLine" time="12.251" errors="0" timestamp="01 May 2024 17:04:37 GMT" skipped="0">
  <testcase classname="practise.ReadDataFromCmdLine" name="ReadFromCmdLine" time="12.251"/>
</testsuite> <!-- practise.ReadDataFromCmdLine -->
