<?xml version="1.0" encoding="UTF-8"?>
<!-- Generated by org.testng.reporters.JUnitReportReporter -->
<testsuite hostname="Arjun" failures="0" tests="1" name="practiseddt.ReadRunTimeMavenParameterTest" time="0.000" errors="0" timestamp="28 Apr 2024 15:00:03 GMT" skipped="0">
  <testcase classname="practiseddt.ReadRunTimeMavenParameterTest" name="mavenDemo" time="0.000"/>
</testsuite> <!-- practiseddt.ReadRunTimeMavenParameterTest -->
